<?xml version="1.0" encoding="UTF-8"?>
<testng-results ignored="0" total="1" passed="0" failed="1" skipped="0">
  <reporter-output>
  </reporter-output>
  <suite started-at="2021-04-07T00:23:05 IST" name="Suite" finished-at="2021-04-07T00:23:13 IST" duration-ms="8418">
    <groups>
    </groups>
    <test started-at="2021-04-07T00:23:05 IST" name="Test" finished-at="2021-04-07T00:23:13 IST" duration-ms="8418">
      <class name="com.guru99.test.LoginTests">
        <test-method is-config="true" signature="preSetUp()[pri:0, instance:com.guru99.test.LoginTests@568ff82]" started-at="2021-04-07T00:23:04 IST" name="preSetUp" finished-at="2021-04-07T00:23:05 IST" duration-ms="143" status="PASS">
          <reporter-output>
          </reporter-output>
        </test-method> <!-- preSetUp -->
        <test-method is-config="true" signature="invokeBrowser()[pri:0, instance:com.guru99.test.LoginTests@568ff82]" started-at="2021-04-07T00:23:05 IST" name="invokeBrowser" finished-at="2021-04-07T00:23:10 IST" duration-ms="5297" status="PASS">
          <reporter-output>
          </reporter-output>
        </test-method> <!-- invokeBrowser -->
        <test-method signature="verifyLoginWithCorrectCredentials(java.lang.String, java.lang.String)[pri:0, instance:com.guru99.test.LoginTests@568ff82]" started-at="2021-04-07T00:23:10 IST" name="verifyLoginWithCorrectCredentials" finished-at="2021-04-07T00:23:12 IST" duration-ms="1879" status="FAIL">
          <params>
            <param index="0">
              <value>
                <![CDATA[mngr26593]]>
              </value>
            </param>
            <param index="1">
              <value>
                <![CDATA[1!]]>
              </value>
            </param>
          </params>
          <exception class="java.lang.AssertionError">
            <message>
              <![CDATA[expected [Guru99 Bank Manager 1 HomePage] but found [Guru99 Bank Manager HomePage]]]>
            </message>
            <full-stacktrace>
              <![CDATA[java.lang.AssertionError: expected [Guru99 Bank Manager 1 HomePage] but found [Guru99 Bank Manager HomePage]
at org.testng.Assert.fail(Assert.java:97)
at org.testng.Assert.assertEqualsImpl(Assert.java:136)
at org.testng.Assert.assertEquals(Assert.java:118)
at org.testng.Assert.assertEquals(Assert.java:575)
at org.testng.Assert.assertEquals(Assert.java:585)
at com.guru99.test.LoginTests.verifyLoginWithCorrectCredentials(LoginTests.java:23)
at java.base/jdk.internal.reflect.NativeMethodAccessorImpl.invoke0(Native Method)
at java.base/jdk.internal.reflect.NativeMethodAccessorImpl.invoke(NativeMethodAccessorImpl.java:64)
at java.base/jdk.internal.reflect.DelegatingMethodAccessorImpl.invoke(DelegatingMethodAccessorImpl.java:43)
at java.base/java.lang.reflect.Method.invoke(Method.java:564)
at org.testng.internal.MethodInvocationHelper.invokeMethod(MethodInvocationHelper.java:134)
at org.testng.internal.TestInvoker.invokeMethod(TestInvoker.java:597)
at org.testng.internal.TestInvoker.invokeTestMethod(TestInvoker.java:173)
at org.testng.internal.MethodRunner.runInSequence(MethodRunner.java:46)
at org.testng.internal.TestInvoker$MethodInvocationAgent.invoke(TestInvoker.java:816)
at org.testng.internal.TestInvoker.invokeTestMethods(TestInvoker.java:146)
at org.testng.internal.TestMethodWorker.invokeTestMethods(TestMethodWorker.java:146)
at org.testng.internal.TestMethodWorker.run(TestMethodWorker.java:128)
at java.base/java.util.ArrayList.forEach(ArrayList.java:1511)
at org.testng.TestRunner.privateRun(TestRunner.java:766)
at org.testng.TestRunner.run(TestRunner.java:587)
at org.testng.SuiteRunner.runTest(SuiteRunner.java:384)
at org.testng.SuiteRunner.runSequentially(SuiteRunner.java:378)
at org.testng.SuiteRunner.privateRun(SuiteRunner.java:337)
at org.testng.SuiteRunner.run(SuiteRunner.java:286)
at org.testng.SuiteRunnerWorker.runSuite(SuiteRunnerWorker.java:53)
at org.testng.SuiteRunnerWorker.run(SuiteRunnerWorker.java:96)
at org.testng.TestNG.runSuitesSequentially(TestNG.java:1187)
at org.testng.TestNG.runSuitesLocally(TestNG.java:1109)
at org.testng.TestNG.runSuites(TestNG.java:1039)
at org.testng.TestNG.run(TestNG.java:1007)
at org.testng.remote.AbstractRemoteTestNG.run(AbstractRemoteTestNG.java:115)
at org.testng.remote.RemoteTestNG.initAndRun(RemoteTestNG.java:251)
at org.testng.remote.RemoteTestNG.main(RemoteTestNG.java:77)
]]>
            </full-stacktrace>
          </exception> <!-- java.lang.AssertionError -->
          <reporter-output>
          </reporter-output>
        </test-method> <!-- verifyLoginWithCorrectCredentials -->
        <test-method is-config="true" signature="postTestAction(org.testng.ITestResult)[pri:0, instance:com.guru99.test.LoginTests@568ff82]" started-at="2021-04-07T00:23:12 IST" name="postTestAction" finished-at="2021-04-07T00:23:12 IST" duration-ms="416" status="PASS">
          <params>
            <param index="0">
              <value>
                <![CDATA[[TestResult name=verifyLoginWithCorrectCredentials status=FAILURE method=LoginTests.verifyLoginWithCorrectCredentials(java.lang.String, java.lang.String)[pri:0, instance:com.guru99.test.LoginTests@568ff82] output={null}]]]>
              </value>
            </param>
          </params>
          <reporter-output>
          </reporter-output>
        </test-method> <!-- postTestAction -->
        <test-method is-config="true" signature="closingBrowser()[pri:0, instance:com.guru99.test.LoginTests@568ff82]" started-at="2021-04-07T00:23:12 IST" name="closingBrowser" finished-at="2021-04-07T00:23:13 IST" duration-ms="788" status="PASS">
          <reporter-output>
          </reporter-output>
        </test-method> <!-- closingBrowser -->
        <test-method is-config="true" signature="closeReport()[pri:0, instance:com.guru99.test.LoginTests@568ff82]" started-at="2021-04-07T00:23:13 IST" name="closeReport" finished-at="2021-04-07T00:23:13 IST" duration-ms="219" status="PASS">
          <reporter-output>
          </reporter-output>
        </test-method> <!-- closeReport -->
      </class> <!-- com.guru99.test.LoginTests -->
    </test> <!-- Test -->
  </suite> <!-- Suite -->
</testng-results>
